<?xml version="1.0" encoding="UTF-8"?>
<testsuites>
  <testsuite name="FHusquinet Test Suite" tests="11" assertions="19" errors="0" failures="0" skipped="0" time="0.356596">
    <testsuite name="FHusquinet\ModelOptions\Tests\HasOptionsTraitScopesTest" file="/Users/Florian/Development/packages/laravel-model-json-options/tests/HasOptionsTraitScopesTest.php" tests="4" assertions="8" errors="0" failures="0" skipped="0" time="0.310804">
      <testcase name="the_model_can_be_scoped_to_return_the_rows_with_the_given_option" class="FHusquinet\ModelOptions\Tests\HasOptionsTraitScopesTest" classname="FHusquinet.ModelOptions.Tests.HasOptionsTraitScopesTest" file="/Users/Florian/Development/packages/laravel-model-json-options/tests/HasOptionsTraitScopesTest.php" line="17" assertions="2" time="0.166579"/>
      <testcase name="the_model_can_be_scoped_to_return_the_rows_with_the_given_option_and_will_ignore_rows_without_the_option_set" class="FHusquinet\ModelOptions\Tests\HasOptionsTraitScopesTest" classname="FHusquinet.ModelOptions.Tests.HasOptionsTraitScopesTest" file="/Users/Florian/Development/packages/laravel-model-json-options/tests/HasOptionsTraitScopesTest.php" line="37" assertions="2" time="0.037515"/>
      <testcase name="the_model_can_be_scoped_to_return_the_rows_not_having_the_option_with_matching_the_value_given" class="FHusquinet\ModelOptions\Tests\HasOptionsTraitScopesTest" classname="FHusquinet.ModelOptions.Tests.HasOptionsTraitScopesTest" file="/Users/Florian/Development/packages/laravel-model-json-options/tests/HasOptionsTraitScopesTest.php" line="56" assertions="2" time="0.062312"/>
      <testcase name="the_model_can_be_scoped_to_return_the_rows_not_having_the_option_at_all_as_well" class="FHusquinet\ModelOptions\Tests\HasOptionsTraitScopesTest" classname="FHusquinet.ModelOptions.Tests.HasOptionsTraitScopesTest" file="/Users/Florian/Development/packages/laravel-model-json-options/tests/HasOptionsTraitScopesTest.php" line="76" assertions="2" time="0.044398"/>
    </testsuite>
    <testsuite name="FHusquinet\ModelOptions\Tests\HasOptionsTraitTest" file="/Users/Florian/Development/packages/laravel-model-json-options/tests/HasOptionsTraitTest.php" tests="7" assertions="11" errors="0" failures="0" skipped="0" time="0.045792">
      <testcase name="a_model_can_set_an_option" class="FHusquinet\ModelOptions\Tests\HasOptionsTraitTest" classname="FHusquinet.ModelOptions.Tests.HasOptionsTraitTest" file="/Users/Florian/Development/packages/laravel-model-json-options/tests/HasOptionsTraitTest.php" line="17" assertions="1" time="0.006816"/>
      <testcase name="a_model_can_set_a_second_option" class="FHusquinet\ModelOptions\Tests\HasOptionsTraitTest" classname="FHusquinet.ModelOptions.Tests.HasOptionsTraitTest" file="/Users/Florian/Development/packages/laravel-model-json-options/tests/HasOptionsTraitTest.php" line="33" assertions="1" time="0.005217"/>
      <testcase name="a_model_can_set_an_option_using_the_array_syntax" class="FHusquinet\ModelOptions\Tests\HasOptionsTraitTest" classname="FHusquinet.ModelOptions.Tests.HasOptionsTraitTest" file="/Users/Florian/Development/packages/laravel-model-json-options/tests/HasOptionsTraitTest.php" line="50" assertions="1" time="0.007006"/>
      <testcase name="a_model_can_set_multiple_options_at_once" class="FHusquinet\ModelOptions\Tests\HasOptionsTraitTest" classname="FHusquinet.ModelOptions.Tests.HasOptionsTraitTest" file="/Users/Florian/Development/packages/laravel-model-json-options/tests/HasOptionsTraitTest.php" line="66" assertions="1" time="0.006113"/>
      <testcase name="a_model_can_get_its_options_by_key" class="FHusquinet\ModelOptions\Tests\HasOptionsTraitTest" classname="FHusquinet.ModelOptions.Tests.HasOptionsTraitTest" file="/Users/Florian/Development/packages/laravel-model-json-options/tests/HasOptionsTraitTest.php" line="82" assertions="2" time="0.006421"/>
      <testcase name="a_model_can_define_a_default_value_when_getting_an_option" class="FHusquinet\ModelOptions\Tests\HasOptionsTraitTest" classname="FHusquinet.ModelOptions.Tests.HasOptionsTraitTest" file="/Users/Florian/Development/packages/laravel-model-json-options/tests/HasOptionsTraitTest.php" line="96" assertions="2" time="0.008452"/>
      <testcase name="a_model_can_use_the_dot_notation_to_access_nested_option" class="FHusquinet\ModelOptions\Tests\HasOptionsTraitTest" classname="FHusquinet.ModelOptions.Tests.HasOptionsTraitTest" file="/Users/Florian/Development/packages/laravel-model-json-options/tests/HasOptionsTraitTest.php" line="109" assertions="3" time="0.005767"/>
    </testsuite>
  </testsuite>
</testsuites>
