<?xml version="1.0" encoding="UTF-8"?>
<testsuites>
  <testsuite name="FHusquinet Test Suite" tests="14" assertions="23" errors="0" failures="0" skipped="0" time="1.245812">
    <testsuite name="FHusquinet\ModelOptions\Tests\HasOptionsTraitScopesTest" file="/Users/florianhusquinet/Work/packages/laravel-model-json-options/tests/HasOptionsTraitScopesTest.php" tests="4" assertions="8" errors="0" failures="0" skipped="0" time="1.193453">
      <testcase name="the_model_can_be_scoped_to_return_the_rows_with_the_given_option" class="FHusquinet\ModelOptions\Tests\HasOptionsTraitScopesTest" classname="FHusquinet.ModelOptions.Tests.HasOptionsTraitScopesTest" file="/Users/florianhusquinet/Work/packages/laravel-model-json-options/tests/HasOptionsTraitScopesTest.php" line="17" assertions="2" time="0.907118"/>
      <testcase name="the_model_can_be_scoped_to_return_the_rows_with_the_given_option_and_will_ignore_rows_without_the_option_set" class="FHusquinet\ModelOptions\Tests\HasOptionsTraitScopesTest" classname="FHusquinet.ModelOptions.Tests.HasOptionsTraitScopesTest" file="/Users/florianhusquinet/Work/packages/laravel-model-json-options/tests/HasOptionsTraitScopesTest.php" line="37" assertions="2" time="0.120481"/>
      <testcase name="the_model_can_be_scoped_to_return_the_rows_not_having_the_option_with_matching_the_value_given" class="FHusquinet\ModelOptions\Tests\HasOptionsTraitScopesTest" classname="FHusquinet.ModelOptions.Tests.HasOptionsTraitScopesTest" file="/Users/florianhusquinet/Work/packages/laravel-model-json-options/tests/HasOptionsTraitScopesTest.php" line="56" assertions="2" time="0.048614"/>
      <testcase name="the_model_can_be_scoped_to_return_the_rows_not_having_the_option_at_all_as_well" class="FHusquinet\ModelOptions\Tests\HasOptionsTraitScopesTest" classname="FHusquinet.ModelOptions.Tests.HasOptionsTraitScopesTest" file="/Users/florianhusquinet/Work/packages/laravel-model-json-options/tests/HasOptionsTraitScopesTest.php" line="76" assertions="2" time="0.117240"/>
    </testsuite>
    <testsuite name="FHusquinet\ModelOptions\Tests\HasOptionsTraitTest" file="/Users/florianhusquinet/Work/packages/laravel-model-json-options/tests/HasOptionsTraitTest.php" tests="10" assertions="15" errors="0" failures="0" skipped="0" time="0.052359">
      <testcase name="a_model_can_set_an_option" class="FHusquinet\ModelOptions\Tests\HasOptionsTraitTest" classname="FHusquinet.ModelOptions.Tests.HasOptionsTraitTest" file="/Users/florianhusquinet/Work/packages/laravel-model-json-options/tests/HasOptionsTraitTest.php" line="17" assertions="1" time="0.007727"/>
      <testcase name="a_model_can_set_a_second_option" class="FHusquinet\ModelOptions\Tests\HasOptionsTraitTest" classname="FHusquinet.ModelOptions.Tests.HasOptionsTraitTest" file="/Users/florianhusquinet/Work/packages/laravel-model-json-options/tests/HasOptionsTraitTest.php" line="33" assertions="1" time="0.004633"/>
      <testcase name="a_model_can_set_an_option_using_the_array_syntax" class="FHusquinet\ModelOptions\Tests\HasOptionsTraitTest" classname="FHusquinet.ModelOptions.Tests.HasOptionsTraitTest" file="/Users/florianhusquinet/Work/packages/laravel-model-json-options/tests/HasOptionsTraitTest.php" line="50" assertions="1" time="0.004715"/>
      <testcase name="a_model_can_set_multiple_options_at_once" class="FHusquinet\ModelOptions\Tests\HasOptionsTraitTest" classname="FHusquinet.ModelOptions.Tests.HasOptionsTraitTest" file="/Users/florianhusquinet/Work/packages/laravel-model-json-options/tests/HasOptionsTraitTest.php" line="66" assertions="1" time="0.005048"/>
      <testcase name="a_model_can_get_its_options_by_key" class="FHusquinet\ModelOptions\Tests\HasOptionsTraitTest" classname="FHusquinet.ModelOptions.Tests.HasOptionsTraitTest" file="/Users/florianhusquinet/Work/packages/laravel-model-json-options/tests/HasOptionsTraitTest.php" line="82" assertions="2" time="0.004790"/>
      <testcase name="a_model_can_define_a_default_value_when_getting_an_option" class="FHusquinet\ModelOptions\Tests\HasOptionsTraitTest" classname="FHusquinet.ModelOptions.Tests.HasOptionsTraitTest" file="/Users/florianhusquinet/Work/packages/laravel-model-json-options/tests/HasOptionsTraitTest.php" line="96" assertions="2" time="0.004517"/>
      <testcase name="a_model_can_use_the_dot_notation_to_access_nested_option" class="FHusquinet\ModelOptions\Tests\HasOptionsTraitTest" classname="FHusquinet.ModelOptions.Tests.HasOptionsTraitTest" file="/Users/florianhusquinet/Work/packages/laravel-model-json-options/tests/HasOptionsTraitTest.php" line="109" assertions="3" time="0.004191"/>
      <testcase name="a_model_can_unset_an_option" class="FHusquinet\ModelOptions\Tests\HasOptionsTraitTest" classname="FHusquinet.ModelOptions.Tests.HasOptionsTraitTest" file="/Users/florianhusquinet/Work/packages/laravel-model-json-options/tests/HasOptionsTraitTest.php" line="124" assertions="1" time="0.005528"/>
      <testcase name="a_model_can_unset_multiple_options" class="FHusquinet\ModelOptions\Tests\HasOptionsTraitTest" classname="FHusquinet.ModelOptions.Tests.HasOptionsTraitTest" file="/Users/florianhusquinet/Work/packages/laravel-model-json-options/tests/HasOptionsTraitTest.php" line="140" assertions="2" time="0.005004"/>
      <testcase name="a_model_can_unset_an_option_it_doesnt_already_have" class="FHusquinet\ModelOptions\Tests\HasOptionsTraitTest" classname="FHusquinet.ModelOptions.Tests.HasOptionsTraitTest" file="/Users/florianhusquinet/Work/packages/laravel-model-json-options/tests/HasOptionsTraitTest.php" line="157" assertions="1" time="0.006205"/>
    </testsuite>
  </testsuite>
</testsuites>
